14:27:52 POST: /api/user/login user-agent: PostmanRuntime/7.28.4
14:29:15 POST: /api/user/books/33/download-img user-agent: PostmanRuntime/7.28.4
14:29:31 GET: /api/user/books/33/download-img user-agent: PostmanRuntime/7.28.4
14:30:22 GET: /api/user/books/33/download-img user-agent: PostmanRuntime/7.28.4
14:30:50 POST: /api/user/books/upload-img user-agent: PostmanRuntime/7.28.4
14:30:52 POST: /api/user/books/upload-img user-agent: PostmanRuntime/7.28.4
14:31:45 POST: /api/books/upload-img user-agent: PostmanRuntime/7.28.4
14:32:21 POST: /api/books/upload-img user-agent: PostmanRuntime/7.28.4
14:36:3 POST: /api/books/upload-img user-agent: PostmanRuntime/7.28.4
14:37:28 POST: /api/books/upload-img user-agent: PostmanRuntime/7.28.4
14:42:47 POST: /api/books/upload-img user-agent: PostmanRuntime/7.28.4
14:44:11 POST: /api/books/upload-img user-agent: PostmanRuntime/7.28.4
14:44:25 POST: /api/books/upload-img user-agent: PostmanRuntime/7.28.4
14:53:5 POST: /api/books/2367/upload-img user-agent: PostmanRuntime/7.28.4
14:55:49 POST: /api/books/2367/upload-img user-agent: PostmanRuntime/7.28.4
14:56:36 GET: /api/books user-agent: PostmanRuntime/7.28.4
14:57:50 POST: /api/books/2367/upload-img user-agent: PostmanRuntime/7.28.4
14:59:16 POST: /api/books/236777/upload-img user-agent: PostmanRuntime/7.28.4
14:59:32 POST: /api/books/2367/upload-img user-agent: PostmanRuntime/7.28.4
14:59:37 GET: /api/books user-agent: PostmanRuntime/7.28.4
15:2:59 GET: /api/books/222/download-img user-agent: PostmanRuntime/7.28.4
15:3:44 GET: /api/books/222/download-img user-agent: PostmanRuntime/7.28.4
15:4:8 GET: /api/books/2367/download-img user-agent: PostmanRuntime/7.28.4
15:10:5 GET: /api/books/2367/download-img user-agent: PostmanRuntime/7.28.4
15:10:54 GET: /api/books/2367/download-img user-agent: Mozilla/5.0 (Macintosh; Intel Mac OS X 10_15_7) AppleWebKit/537.36 (KHTML, like Gecko) Chrome/95.0.4638.69 Safari/537.36
15:10:54 GET: /favicon.ico user-agent: Mozilla/5.0 (Macintosh; Intel Mac OS X 10_15_7) AppleWebKit/537.36 (KHTML, like Gecko) Chrome/95.0.4638.69 Safari/537.36
15:11:6 POST: /api/books/2367/upload-img user-agent: PostmanRuntime/7.28.4
15:11:9 GET: /api/books/2367/download-img user-agent: Mozilla/5.0 (Macintosh; Intel Mac OS X 10_15_7) AppleWebKit/537.36 (KHTML, like Gecko) Chrome/95.0.4638.69 Safari/537.36
15:11:50 GET: /api/books/2367/download-img user-agent: Mozilla/5.0 (Macintosh; Intel Mac OS X 10_15_7) AppleWebKit/537.36 (KHTML, like Gecko) Chrome/95.0.4638.69 Safari/537.36
15:11:52 GET: /api/books/2367/download-img user-agent: Mozilla/5.0 (Macintosh; Intel Mac OS X 10_15_7) AppleWebKit/537.36 (KHTML, like Gecko) Chrome/95.0.4638.69 Safari/537.36
15:12:1 GET: /api/books/2367/download-img user-agent: Mozilla/5.0 (Macintosh; Intel Mac OS X 10_15_7) AppleWebKit/537.36 (KHTML, like Gecko) Chrome/95.0.4638.69 Safari/537.36
15:12:7 POST: /api/books/2367/upload-img user-agent: PostmanRuntime/7.28.4
15:12:15 GET: /api/books/2367/download-img user-agent: Mozilla/5.0 (Macintosh; Intel Mac OS X 10_15_7) AppleWebKit/537.36 (KHTML, like Gecko) Chrome/95.0.4638.69 Safari/537.36
15:12:15 GET: /api/books/2367/download-img user-agent: Mozilla/5.0 (Macintosh; Intel Mac OS X 10_15_7) AppleWebKit/537.36 (KHTML, like Gecko) Chrome/95.0.4638.69 Safari/537.36
15:13:30 POST: /api/books/2367/upload-img user-agent: PostmanRuntime/7.28.4
15:13:43 GET: /api/books/2367/download-img user-agent: Mozilla/5.0 (Macintosh; Intel Mac OS X 10_15_7) AppleWebKit/537.36 (KHTML, like Gecko) Chrome/95.0.4638.69 Safari/537.36
15:13:47 GET: /api/books/2367/download-img user-agent: Mozilla/5.0 (Macintosh; Intel Mac OS X 10_15_7) AppleWebKit/537.36 (KHTML, like Gecko) Chrome/95.0.4638.69 Safari/537.36
15:14:46 GET: /api/books/2367/download-img user-agent: PostmanRuntime/7.28.4
15:14:57 GET: /api/books/2367/download-img user-agent: Mozilla/5.0 (Macintosh; Intel Mac OS X 10_15_7) AppleWebKit/537.36 (KHTML, like Gecko) Chrome/95.0.4638.69 Safari/537.36
15:14:58 GET: /api/books/2367/download-img user-agent: Mozilla/5.0 (Macintosh; Intel Mac OS X 10_15_7) AppleWebKit/537.36 (KHTML, like Gecko) Chrome/95.0.4638.69 Safari/537.36
15:14:59 GET: /api/books/2367/download-img user-agent: Mozilla/5.0 (Macintosh; Intel Mac OS X 10_15_7) AppleWebKit/537.36 (KHTML, like Gecko) Chrome/95.0.4638.69 Safari/537.36
15:15:0 GET: /api/books/2367/download-img user-agent: Mozilla/5.0 (Macintosh; Intel Mac OS X 10_15_7) AppleWebKit/537.36 (KHTML, like Gecko) Chrome/95.0.4638.69 Safari/537.36
15:16:3 GET: /api/books/2367/download-img user-agent: PostmanRuntime/7.28.4
15:16:35 GET: /api/books/2367/download-img user-agent: PostmanRuntime/7.28.4
15:16:37 GET: /api/books/2367/download-img user-agent: PostmanRuntime/7.28.4
15:16:40 GET: /api/books/2367/download-img user-agent: Mozilla/5.0 (Macintosh; Intel Mac OS X 10_15_7) AppleWebKit/537.36 (KHTML, like Gecko) Chrome/95.0.4638.69 Safari/537.36
15:16:41 GET: /api/books/2367/download-img user-agent: Mozilla/5.0 (Macintosh; Intel Mac OS X 10_15_7) AppleWebKit/537.36 (KHTML, like Gecko) Chrome/95.0.4638.69 Safari/537.36
15:17:2 GET: /api/books/2367/download-img user-agent: Mozilla/5.0 (Macintosh; Intel Mac OS X 10_15_7) AppleWebKit/537.36 (KHTML, like Gecko) Chrome/95.0.4638.69 Safari/537.36
15:17:2 GET: /api/books/2367/download-img user-agent: Mozilla/5.0 (Macintosh; Intel Mac OS X 10_15_7) AppleWebKit/537.36 (KHTML, like Gecko) Chrome/95.0.4638.69 Safari/537.36
15:17:3 GET: /api/books/2367/download-img user-agent: Mozilla/5.0 (Macintosh; Intel Mac OS X 10_15_7) AppleWebKit/537.36 (KHTML, like Gecko) Chrome/95.0.4638.69 Safari/537.36
15:17:4 GET: /api/books/2367/download-img user-agent: Mozilla/5.0 (Macintosh; Intel Mac OS X 10_15_7) AppleWebKit/537.36 (KHTML, like Gecko) Chrome/95.0.4638.69 Safari/537.36
15:18:15 GET: /api/books/2367/download-img user-agent: Mozilla/5.0 (Macintosh; Intel Mac OS X 10_15_7) AppleWebKit/537.36 (KHTML, like Gecko) Chrome/95.0.4638.69 Safari/537.36
15:18:16 GET: /api/books/2367/download-img user-agent: Mozilla/5.0 (Macintosh; Intel Mac OS X 10_15_7) AppleWebKit/537.36 (KHTML, like Gecko) Chrome/95.0.4638.69 Safari/537.36
15:19:2 GET: /api/books/2367/download-img user-agent: Mozilla/5.0 (Macintosh; Intel Mac OS X 10_15_7) AppleWebKit/537.36 (KHTML, like Gecko) Chrome/95.0.4638.69 Safari/537.36
15:19:3 GET: /api/books/2367/download-img user-agent: Mozilla/5.0 (Macintosh; Intel Mac OS X 10_15_7) AppleWebKit/537.36 (KHTML, like Gecko) Chrome/95.0.4638.69 Safari/537.36
15:19:31 GET: /api/books/2367/download-img user-agent: Mozilla/5.0 (Macintosh; Intel Mac OS X 10_15_7) AppleWebKit/537.36 (KHTML, like Gecko) Chrome/95.0.4638.69 Safari/537.36
15:20:47 GET: /api/books/2367/download-img user-agent: Mozilla/5.0 (Macintosh; Intel Mac OS X 10_15_7) AppleWebKit/537.36 (KHTML, like Gecko) Chrome/95.0.4638.69 Safari/537.36
15:20:49 GET: /api/books/2367/download-img user-agent: Mozilla/5.0 (Macintosh; Intel Mac OS X 10_15_7) AppleWebKit/537.36 (KHTML, like Gecko) Chrome/95.0.4638.69 Safari/537.36
15:20:51 GET: /api/books/2367/download-img user-agent: Mozilla/5.0 (Macintosh; Intel Mac OS X 10_15_7) AppleWebKit/537.36 (KHTML, like Gecko) Chrome/95.0.4638.69 Safari/537.36
15:20:52 GET: /api/books/2367/download-img user-agent: Mozilla/5.0 (Macintosh; Intel Mac OS X 10_15_7) AppleWebKit/537.36 (KHTML, like Gecko) Chrome/95.0.4638.69 Safari/537.36
15:20:54 GET: /api/books/2367/download-img user-agent: Mozilla/5.0 (Macintosh; Intel Mac OS X 10_15_7) AppleWebKit/537.36 (KHTML, like Gecko) Chrome/95.0.4638.69 Safari/537.36
15:20:57 GET: /api/books/2367/download-img user-agent: PostmanRuntime/7.28.4
15:21:34 GET: /api/books/2367/download-img user-agent: PostmanRuntime/7.28.4
15:22:26 GET: /api/books/2367/download-img user-agent: Mozilla/5.0 (Macintosh; Intel Mac OS X 10_15_7) AppleWebKit/537.36 (KHTML, like Gecko) Chrome/95.0.4638.69 Safari/537.36
15:22:27 GET: /api/books/2367/download-img user-agent: Mozilla/5.0 (Macintosh; Intel Mac OS X 10_15_7) AppleWebKit/537.36 (KHTML, like Gecko) Chrome/95.0.4638.69 Safari/537.36
15:22:40 GET: /api/books/2367/download-img user-agent: Mozilla/5.0 (Macintosh; Intel Mac OS X 10_15_7) AppleWebKit/537.36 (KHTML, like Gecko) Chrome/95.0.4638.69 Safari/537.36
15:23:24 GET: /api/books/2367/download-img user-agent: PostmanRuntime/7.28.4
15:23:26 GET: /api/books/2367/download-img user-agent: PostmanRuntime/7.28.4
15:24:18 POST: /api/books/2367/upload-img user-agent: PostmanRuntime/7.28.4
15:24:22 GET: /api/books/2367/download-img user-agent: Mozilla/5.0 (Macintosh; Intel Mac OS X 10_15_7) AppleWebKit/537.36 (KHTML, like Gecko) Chrome/95.0.4638.69 Safari/537.36
15:25:30 GET: /api/books/2367/download-img user-agent: Mozilla/5.0 (Macintosh; Intel Mac OS X 10_15_7) AppleWebKit/537.36 (KHTML, like Gecko) Chrome/95.0.4638.69 Safari/537.36
15:30:30 GET: /api/books/2367/download-img user-agent: Mozilla/5.0 (Macintosh; Intel Mac OS X 10_15_7) AppleWebKit/537.36 (KHTML, like Gecko) Chrome/95.0.4638.69 Safari/537.36
15:30:49 GET: /api/books/25456/download-img user-agent: Mozilla/5.0 (Macintosh; Intel Mac OS X 10_15_7) AppleWebKit/537.36 (KHTML, like Gecko) Chrome/95.0.4638.69 Safari/537.36
15:31:8 POST: /api/books/2367/upload-img user-agent: PostmanRuntime/7.28.4
15:31:16 GET: /api/books/2367/download-img user-agent: Mozilla/5.0 (Macintosh; Intel Mac OS X 10_15_7) AppleWebKit/537.36 (KHTML, like Gecko) Chrome/95.0.4638.69 Safari/537.36
15:31:33 GET: /api/books/2367/download-img user-agent: Mozilla/5.0 (Macintosh; Intel Mac OS X 10_15_7) AppleWebKit/537.36 (KHTML, like Gecko) Chrome/95.0.4638.69 Safari/537.36
15:31:54 GET: /api/books/2367/download-img user-agent: Mozilla/5.0 (Macintosh; Intel Mac OS X 10_15_7) AppleWebKit/537.36 (KHTML, like Gecko) Chrome/95.0.4638.69 Safari/537.36
15:32:5 GET: /api/books/2367/download-img user-agent: PostmanRuntime/7.28.4
15:32:40 GET: /api/books user-agent: PostmanRuntime/7.28.4
15:40:0 POST: /api/books/2367/upload-img user-agent: PostmanRuntime/7.28.4
15:40:7 GET: /api/books/2367/download-img user-agent: Mozilla/5.0 (Macintosh; Intel Mac OS X 10_15_7) AppleWebKit/537.36 (KHTML, like Gecko) Chrome/95.0.4638.69 Safari/537.36
15:40:45 POST: /api/books/2367/upload-img user-agent: PostmanRuntime/7.28.4
15:40:48 GET: /api/books/2367/download-img user-agent: Mozilla/5.0 (Macintosh; Intel Mac OS X 10_15_7) AppleWebKit/537.36 (KHTML, like Gecko) Chrome/95.0.4638.69 Safari/537.36
15:41:8 GET: /api/books/2367/download-img user-agent: Mozilla/5.0 (Macintosh; Intel Mac OS X 10_15_7) AppleWebKit/537.36 (KHTML, like Gecko) Chrome/95.0.4638.69 Safari/537.36
15:41:31 GET: /api/books/2367/download-pdf user-agent: PostmanRuntime/7.28.4
15:41:33 GET: /api/books/2367/download-pdf user-agent: PostmanRuntime/7.28.4
15:42:11 GET: /api/books/2367/download-pdf user-agent: PostmanRuntime/7.28.4
15:42:13 GET: /api/books/2367/download-pdf user-agent: PostmanRuntime/7.28.4
15:43:9 GET: /api/books/5743/download-pdf user-agent: PostmanRuntime/7.28.4
15:43:32 GET: /api/books/5743/download-pdf user-agent: PostmanRuntime/7.28.4
15:43:39 GET: /api/books/2367/download-pdf user-agent: Mozilla/5.0 (Macintosh; Intel Mac OS X 10_15_7) AppleWebKit/537.36 (KHTML, like Gecko) Chrome/95.0.4638.69 Safari/537.36
15:44:19 GET: /api/books/2367/download-img user-agent: Mozilla/5.0 (Macintosh; Intel Mac OS X 10_15_7) AppleWebKit/537.36 (KHTML, like Gecko) Chrome/95.0.4638.69 Safari/537.36
15:44:26 GET: /api/books/2367/download-pdf user-agent: Mozilla/5.0 (Macintosh; Intel Mac OS X 10_15_7) AppleWebKit/537.36 (KHTML, like Gecko) Chrome/95.0.4638.69 Safari/537.36
15:44:35 GET: /api/books/5743/download-pdf user-agent: PostmanRuntime/7.28.4
15:44:43 GET: /api/books/5743/download-pdf user-agent: Mozilla/5.0 (Macintosh; Intel Mac OS X 10_15_7) AppleWebKit/537.36 (KHTML, like Gecko) Chrome/95.0.4638.69 Safari/537.36
15:45:15 GET: /api/books/5743/download-pdf user-agent: Mozilla/5.0 (Macintosh; Intel Mac OS X 10_15_7) AppleWebKit/537.36 (KHTML, like Gecko) Chrome/95.0.4638.69 Safari/537.36
15:45:31 GET: /api/books/2367/download-pdf user-agent: Mozilla/5.0 (Macintosh; Intel Mac OS X 10_15_7) AppleWebKit/537.36 (KHTML, like Gecko) Chrome/95.0.4638.69 Safari/537.36
15:45:53 GET: /api/books/25456/download-pdf user-agent: Mozilla/5.0 (Macintosh; Intel Mac OS X 10_15_7) AppleWebKit/537.36 (KHTML, like Gecko) Chrome/95.0.4638.69 Safari/537.36
15:49:20 GET: /api/books/2367/download-pdf user-agent: PostmanRuntime/7.28.4
15:49:36 GET: /api/books/2367/download-img user-agent: PostmanRuntime/7.28.4
15:49:47 GET: /api/books/5743/download-img user-agent: PostmanRuntime/7.28.4
15:49:55 GET: /api/books/25456/download-img user-agent: PostmanRuntime/7.28.4
15:50:1 GET: /api/books/25456/download-pdf user-agent: PostmanRuntime/7.28.4
15:50:13 GET: /api/books/5743/download-pdf user-agent: PostmanRuntime/7.28.4
15:55:44 GET: /api/books/25456/download-img user-agent: PostmanRuntime/7.28.4
15:55:54 GET: /api/books/5743/download-img user-agent: PostmanRuntime/7.28.4
15:57:26 GET: /api/books/25456/download-img user-agent: PostmanRuntime/7.28.4
15:57:32 GET: /api/books/5743/download-img user-agent: PostmanRuntime/7.28.4
15:57:41 GET: /api/books/2367/download-img user-agent: PostmanRuntime/7.28.4
15:57:53 GET: /api/books/2367/download-pdg user-agent: PostmanRuntime/7.28.4
15:58:1 GET: /api/books/2367/download-pdf user-agent: PostmanRuntime/7.28.4
15:58:9 GET: /api/books/5743/download-pdf user-agent: PostmanRuntime/7.28.4
15:58:18 GET: /api/books/25456/download-pdf user-agent: PostmanRuntime/7.28.4
15:58:33 POST: /api/books/2367/upload-img user-agent: PostmanRuntime/7.28.4
15:58:48 GET: /api/books/2367/download-img user-agent: PostmanRuntime/7.28.4
